<?xml version="1.0" encoding="UTF-8"?>
<!-- Generated by org.testng.reporters.JUnitReportReporter -->
<testsuite hostname="INIDC-ShaikhR" name="testCases.TC002" tests="1" failures="0" timestamp="29 Jan 2020 11:24:40 GMT" time="19.447" errors="0">
  <testcase name="TC_0002" time="19.447" classname="testCases.TC002"/>
</testsuite> <!-- testCases.TC002 -->
